<?xml version="1.0" encoding="UTF-8" ?>
<testsuite tests="1" failures="0" name="gameproject.gameframeword.AppTest" time="0.006" errors="0" skipped="0">
  <properties>
    <property name="java.runtime.name" value="Java(TM) SE Runtime Environment"/>
    <property name="sun.boot.library.path" value="C:\desenvolvimento\sdk\jdk1.8.0_05\jre\bin"/>
    <property name="java.vm.version" value="25.5-b02"/>
    <property name="user.country.format" value="BR"/>
    <property name="java.vm.vendor" value="Oracle Corporation"/>
    <property name="java.vendor.url" value="http://java.oracle.com/"/>
    <property name="path.separator" value=";"/>
    <property name="guice.disable.misplaced.annotation.check" value="true"/>
    <property name="java.vm.name" value="Java HotSpot(TM) 64-Bit Server VM"/>
    <property name="file.encoding.pkg" value="sun.io"/>
    <property name="user.script" value=""/>
    <property name="user.country" value="GB"/>
    <property name="sun.java.launcher" value="SUN_STANDARD"/>
    <property name="sun.os.patch.level" value=""/>
    <property name="java.vm.specification.name" value="Java Virtual Machine Specification"/>
    <property name="user.dir" value="D:\workspace_luna\gameProject\gameframeword"/>
    <property name="java.runtime.version" value="1.8.0_05-b13"/>
    <property name="java.awt.graphicsenv" value="sun.awt.Win32GraphicsEnvironment"/>
    <property name="java.endorsed.dirs" value="C:\desenvolvimento\sdk\jdk1.8.0_05\jre\lib\endorsed"/>
    <property name="os.arch" value="amd64"/>
    <property name="java.io.tmpdir" value="C:\Users\junior\AppData\Local\Temp\"/>
    <property name="line.separator" value="
"/>
    <property name="java.vm.specification.vendor" value="Oracle Corporation"/>
    <property name="user.variant" value=""/>
    <property name="os.name" value="Windows 8.1"/>
    <property name="classworlds.conf" value="D:\workspace_luna\.metadata\.plugins\org.eclipse.m2e.launching\launches\m2conf33411408486759705.tmp"/>
    <property name="sun.jnu.encoding" value="Cp1252"/>
    <property name="java.library.path" value="C:\desenvolvimento\sdk\jdk1.8.0_05\bin;C:\WINDOWS\Sun\Java\bin;C:\WINDOWS\system32;C:\WINDOWS;c:\MinGW\bin;c:\MinGW\libexec\gcc\x86_64-pc-mingw32\5.1.0;C:\Intel\INDE\IDEintegration\SDK\tools;C:\Intel\INDE\IDEintegration\SDK\platform-tools;C:\Intel\INDE\code_builder_5.1.0.25\bin\x64;C:\Intel\INDE\code_builder_5.1.0.25\bin\x86;C:\Intel\INDE\code_builder_5.1.0.25\bin\Pin;C:\Intel\INDE\code_builder_5.1.0.25\bin\GTPin;C:\Intel\INDE\media_sdk_6.0.0.349\bin\x64;C:\Intel\INDE\media_sdk_6.0.0.349\bn\win32;C:\Intel\INDE\IDEintegration\ADT\sdk\tools;C:\Intel\INDE\IDEintegration\ADT\sdk\platform-tools;C:\Intel\INDE\IDEintegration\ANT;C:\ProgramData\Orale\Java\javapath;C:\WINDOWS\system32;C:\WINDOWS;C:\WINDOWS\System32\Wbem;C:\WINDOWS\System32\WindowsPowerShell\v1.0\;C:\Program Files\TortoiseSVN\bin;C:\Program Files\Intel\iCLS Client\;C:\Program Files\Intel\Intel(R) ManagementEngineComponents\DAL;C:\Program Files\Intel\Intel(R) Management Engine Components\IPT;C:\Program Files\Microsoft SQL Server\110\Tools\Binn\;C:\Program Files (x86)\NVIDIA Corporation\PhysX\Common;C:\Program Files(x86)\Intel\iCLS Client\;C:\Program Files (x86)\Intel\Intel(R)ManagementEngine Components\DAL;C:\Program Files (x86)\Intel\Intel(R) Management Engine Components\IPT;C:\Program Files (x86)\Intel\OpenCL SDK\2.0\bin\x86;C:\Program Files (x86)\Intel\OpenCL SDK\2.0\bin\x64;C:\Program Files (x86)\Windows Live\Shared;C:\Program Files (x86)\Windows Kits\8.1\Windows Performance Toolkit\;C:\Program Files (x86)\Git\cmd;C:\Program Files(x86)\B1 Free Archiver;C:\Program Files (x86)\Skype\Phone\;C:\Program Files (x86)\Microsoft SDKs\TypeScript\1.4\;C:\Program Files (x86)\GNU Tools ARM Embedded\4.9 2015q1\bin;C:\CHDK\gcc\bin\;C:\desenvolvimento\server\apache-maven-3.3.3\bin\;C:\desenvolvimento\sdk\jdkx86_8\bin;C:\desenvolvimento\dll;C:\desenvolvimento\build\nant-0.92\binC:\cygwin\bin;C:\Intel\INDE\IDEintegration\NDK\build\tools;C:\Intel\INDE\IDEintegration\NDK;C:\desenvolvimento\sdk\jdkx86_8\bin;C:\Program Files\Microsoft SQL Server\120\DTS\Binn\;C:\Program Files\Microsoft SQL Server\Client SDK\ODBC\110\Tools\Binn\;C:\Program Files (x86)\Microsoft SQL Server\120\Tools\Binn\;C:\Program Files\Microsoft SQL Server\120\Tools\Binn\;C:\Program Files (x86)\Microsoft SQL Server\120\Tools\Binn\ManagementStudio\;C:\Program Files (x86)\Microsoft SQL Server\120\DTS\Binn\;."/>
    <property name="java.specification.name" value="Java Platform API Specification"/>
    <property name="java.class.version" value="52.0"/>
    <property name="sun.management.compiler" value="HotSpot 64-Bit Tiered Compilers"/>
    <property name="os.version" value="6.3"/>
    <property name="user.home" value="C:\Users\junior"/>
    <property name="user.timezone" value="America/Sao_Paulo"/>
    <property name="java.awt.printerjob" value="sun.awt.windows.WPrinterJob"/>
    <property name="java.specification.version" value="1.8"/>
    <property name="file.encoding" value="Cp1252"/>
    <property name="user.name" value="junior"/>
    <property name="java.class.path" value="/C:/desenvolvimento/ide/EclipseLuna64/plugins/org.eclipse.m2e.maven.runtime_1.5.1.20150109-1819/jars/plexus-classworlds-2.5.1.jar"/>
    <property name="org.slf4j.simpleLogger.defaultLogLevel" value="info"/>
    <property name="java.vm.specification.version" value="1.8"/>
    <property name="sun.arch.data.model" value="64"/>
    <property name="java.home" value="C:\desenvolvimento\sdk\jdk1.8.0_05\jre"/>
    <property name="sun.java.command" value="org.codehaus.plexus.classworlds.launcher.Launcher -B install"/>
    <property name="java.specification.vendor" value="Oracle Corporation"/>
    <property name="user.language" value="en"/>
    <property name="user.language.format" value="pt"/>
    <property name="awt.toolkit" value="sun.awt.windows.WToolkit"/>
    <property name="java.vm.info" value="mixed mode"/>
    <property name="java.version" value="1.8.0_05"/>
    <property name="java.ext.dirs" value="C:\desenvolvimento\sdk\jdk1.8.0_05\jre\lib\ext;C:\WINDOWS\Sun\Java\lib\ext"/>
    <property name="sun.boot.class.path" value="C:\desenvolvimento\sdk\jdk1.8.0_05\jre\lib\resources.jar;C:\desenvolvimento\sdk\jdk1.8.0_05\jre\lib\rt.jar;C:\desenvolvimento\sdk\jdk1.8.0_05\jre\lib\sunrsasign.jar;C:\desenvolvimento\sdk\jdk1.8.0_05\jre\lib\jsse.jar;C:\desenvolvimento\sdk\jdk1.8.0_05\jre\lib\jce.jar;C:\desenvolvimento\sdk\jdk1.8.0_05\jre\lib\charsets.jar;C:\desenvolvimento\sdk\jdk1.8.0_05\jre\lib\jfr.jar;C:\desenvolvimento\sdk\jdk1.8.0_05\jre\classes"/>
    <property name="java.vendor" value="Oracle Corporation"/>
    <property name="maven.home" value="D:\workspace_luna\gameProject\gameframeword\EMBEDDED"/>
    <property name="file.separator" value="\"/>
    <property name="java.vendor.url.bug" value="http://bugreport.sun.com/bugreport/"/>
    <property name="sun.cpu.endian" value="little"/>
    <property name="sun.io.unicode.encoding" value="UnicodeLittle"/>
    <property name="sun.desktop" value="windows"/>
    <property name="sun.cpu.isalist" value="amd64"/>
  </properties>
  <testcase classname="gameproject.gameframeword.AppTest" name="testApp" time="0.006"/>
</testsuite>